<?xml version="1.0" encoding="UTF-8"?>
<testsuite name="testUI.LoginTodois" tests="1" skipped="0" failures="0" errors="0" timestamp="2020-10-11T04:51:31" hostname="MELI" time="76.434">
  <properties/>
  <testcase name="verifyTheLoginUsingUserAndPassword" classname="testUI.LoginTodois" time="76.434"/>
  <system-out><![CDATA[]]></system-out>
  <system-err><![CDATA[oct 11, 2020 12:51:31 AM org.openqa.selenium.remote.DesiredCapabilities chrome
INFORMACIÓN: Using `new ChromeOptions()` is preferred to `DesiredCapabilities.chrome()`
Starting ChromeDriver 85.0.4183.87 (cd6713ebf92fa1cacc0f1a598df280093af0c5d7-refs/branch-heads/4183@{#1689}) on port 47145
Only local connections are allowed.
Please see https://chromedriver.chromium.org/security-considerations for suggestions on keeping ChromeDriver safe.
ChromeDriver was started successfully.
oct 11, 2020 12:51:34 AM org.openqa.selenium.remote.ProtocolHandshake createSession
INFORMACIÓN: Detected dialect: W3C
]]></system-err>
</testsuite>
